<?xml version="1.0" encoding="UTF-8"?>
<!-- Generated by org.testng.reporters.JUnitXMLReporter -->
<testsuite hostname="DESKTOP-ACUK7UO" ignored="0" name="Default test" tests="3" failures="0" timestamp="2022-04-03T22:44:33 IST" time="231.497" errors="0">
  <testcase name="casualdress" time="45.763" classname="org.runnerclasstestng.RunnerClass1234"/>
  <testcase name="summerdress" time="41.915" classname="org.runnerclasstestng.RunnerClass1234"/>
  <testcase name="winterdress" time="43.6" classname="org.runnerclasstestng.RunnerClass1234"/>
</testsuite> <!-- Default test -->
